app/build/intermediates/manifest_merge_blame_file/debug/manifest-merger-blame-debug-report.txt
1<?xml version="1.0" encoding="utf-8"?>
2<manifest xmlns:android="http://schemas.android.com/apk/res/android"
3    package="com.mirrorfly.uikit"
4    android:versionCode="15"
5    android:versionName="7.4.0" >
6
7    <uses-sdk
8        android:minSdkVersion="21"
8-->src\main\AndroidManifest.xml
9        android:targetSdkVersion="33" />
9-->src\main\AndroidManifest.xml
10
11    <uses-permission android:name="android.permission.INTERNET" />
11-->src\main\AndroidManifest.xml:6:5-67
11-->src\main\AndroidManifest.xml:6:22-64
12    <uses-permission android:name="android.permission.RECORD_AUDIO" />
12-->src\main\AndroidManifest.xml:7:5-71
12-->src\main\AndroidManifest.xml:7:22-68
13    <uses-permission android:name="android.permission.DISABLE_KEYGUARD" />
13-->src\main\AndroidManifest.xml:8:5-75
13-->src\main\AndroidManifest.xml:8:22-72
14    <uses-permission android:name="com.android.launcher.permission.INSTALL_SHORTCUT" />
14-->src\main\AndroidManifest.xml:9:5-88
14-->src\main\AndroidManifest.xml:9:22-85
15    <uses-permission android:name="android.permission.ACCESS_NETWORK_STATE" />
15-->src\main\AndroidManifest.xml:10:5-79
15-->src\main\AndroidManifest.xml:10:22-76
16    <uses-permission android:name="android.permission.CAMERA" />
16-->src\main\AndroidManifest.xml:11:5-65
16-->src\main\AndroidManifest.xml:11:22-62
17    <uses-permission android:name="android.permission.READ_PHONE_STATE" />
17-->src\main\AndroidManifest.xml:12:5-75
17-->src\main\AndroidManifest.xml:12:22-72
18    <uses-permission android:name="android.permission.READ_PHONE_NUMBERS" />
18-->src\main\AndroidManifest.xml:13:5-77
18-->src\main\AndroidManifest.xml:13:22-74
19    <uses-permission android:name="android.permission.USE_FINGERPRINT" />
19-->src\main\AndroidManifest.xml:14:5-74
19-->src\main\AndroidManifest.xml:14:22-71
20    <uses-permission android:name="android.permission.WAKE_LOCK" />
20-->src\main\AndroidManifest.xml:15:5-68
20-->src\main\AndroidManifest.xml:15:22-65
21    <uses-permission android:name="com.google.android.c2dm.permission.RECEIVE" />
21-->src\main\AndroidManifest.xml:16:5-82
21-->src\main\AndroidManifest.xml:16:22-79
22    <uses-permission android:name="android.permission.READ_INTERNAL_STORAGE" />
22-->src\main\AndroidManifest.xml:17:5-80
22-->src\main\AndroidManifest.xml:17:22-77
23    <uses-permission
23-->src\main\AndroidManifest.xml:18:5-20:38
24        android:name="android.permission.WRITE_EXTERNAL_STORAGE"
24-->src\main\AndroidManifest.xml:19:9-65
25        android:maxSdkVersion="29" />
25-->src\main\AndroidManifest.xml:20:9-35
26    <uses-permission
26-->src\main\AndroidManifest.xml:21:5-23:38
27        android:name="android.permission.WRITE_INTERNAL_STORAGE"
27-->src\main\AndroidManifest.xml:22:9-65
28        android:maxSdkVersion="29" />
28-->src\main\AndroidManifest.xml:23:9-35
29    <uses-permission android:name="android.permission.VIBRATE" />
29-->src\main\AndroidManifest.xml:24:5-66
29-->src\main\AndroidManifest.xml:24:22-63
30    <uses-permission android:name="android.permission.USE_FULL_SCREEN_INTENT" />
30-->src\main\AndroidManifest.xml:25:5-81
30-->src\main\AndroidManifest.xml:25:22-78
31    <uses-permission android:name="android.permission.ACCESS_FINE_LOCATION" />
31-->src\main\AndroidManifest.xml:26:5-79
31-->src\main\AndroidManifest.xml:26:22-76
32    <uses-permission android:name="android.permission.ACCESS_COARSE_LOCATION" />
32-->src\main\AndroidManifest.xml:27:5-81
32-->src\main\AndroidManifest.xml:27:22-78
33    <uses-permission android:name="android.permission.MODIFY_AUDIO_SETTINGS" />
33-->src\main\AndroidManifest.xml:28:5-80
33-->src\main\AndroidManifest.xml:28:22-77
34    <uses-permission android:name="android.permission.RECORD_AUDIO" />
34-->src\main\AndroidManifest.xml:7:5-71
34-->src\main\AndroidManifest.xml:7:22-68
35    <uses-permission android:name="android.permission.WRITE_CONTACTS" />
35-->src\main\AndroidManifest.xml:30:5-73
35-->src\main\AndroidManifest.xml:30:22-70
36    <uses-permission android:name="android.permission.READ_CONTACTS" />
36-->src\main\AndroidManifest.xml:31:5-72
36-->src\main\AndroidManifest.xml:31:22-69
37    <uses-permission android:name="android.permission.BLUETOOTH" />
37-->src\main\AndroidManifest.xml:32:5-68
37-->src\main\AndroidManifest.xml:32:22-65
38    <uses-permission android:name="android.permission.BLUETOOTH_CONNECT" />
38-->src\main\AndroidManifest.xml:33:5-76
38-->src\main\AndroidManifest.xml:33:22-73
39    <uses-permission android:name="android.permission.GET_ACCOUNTS" />
39-->src\main\AndroidManifest.xml:34:5-71
39-->src\main\AndroidManifest.xml:34:22-68
40
41    <!-- android 13 permission -->
42    <uses-permission android:name="android.permission.READ_MEDIA_IMAGES" />
42-->src\main\AndroidManifest.xml:37:5-76
42-->src\main\AndroidManifest.xml:37:22-73
43    <uses-permission android:name="android.permission.READ_MEDIA_AUDIO" />
43-->src\main\AndroidManifest.xml:38:5-75
43-->src\main\AndroidManifest.xml:38:22-72
44    <uses-permission android:name="android.permission.READ_MEDIA_VIDEO" />
44-->src\main\AndroidManifest.xml:39:5-75
44-->src\main\AndroidManifest.xml:39:22-72
45    <!-- Required to maintain app compatibility. -->
46    <uses-permission
46-->src\main\AndroidManifest.xml:41:5-42:38
47        android:name="android.permission.READ_EXTERNAL_STORAGE"
47-->src\main\AndroidManifest.xml:41:22-77
48        android:maxSdkVersion="32" />
48-->src\main\AndroidManifest.xml:42:9-35
49    <uses-permission android:name="android.permission.POST_NOTIFICATIONS" />
49-->src\main\AndroidManifest.xml:43:5-77
49-->src\main\AndroidManifest.xml:43:22-74
50
51    <uses-feature android:name="android.hardware.camera" />
51-->src\main\AndroidManifest.xml:45:5-60
51-->src\main\AndroidManifest.xml:45:19-57
52
53    <queries>
53-->src\main\AndroidManifest.xml:47:5-53:15
54        <intent>
54-->src\main\AndroidManifest.xml:48:9-52:18
55            <action android:name="android.intent.action.VIEW" />
55-->src\main\AndroidManifest.xml:49:13-65
55-->src\main\AndroidManifest.xml:49:21-62
56
57            <data android:mimeType="*/*" />
57-->src\main\AndroidManifest.xml:51:13-44
57-->src\main\AndroidManifest.xml:51:19-41
58        </intent>
59        <intent>
59-->[:sdk:mediapicker] AndroidManifest.xml:24:9-28:18
60            <action android:name="android.intent.action.PICK" />
60-->src\main\AndroidManifest.xml:56:13-65
60-->src\main\AndroidManifest.xml:56:21-62
61
62            <data android:mimeType="video/*, image/*" />
62-->src\main\AndroidManifest.xml:51:13-44
62-->src\main\AndroidManifest.xml:51:19-41
63        </intent> <!-- Needs to be explicitly declared on Android R+ -->
64        <package android:name="com.google.android.apps.maps" />
64-->[com.google.android.gms:play-services-maps:17.0.1] AndroidManifest.xml:33:9-64
64-->[com.google.android.gms:play-services-maps:17.0.1] AndroidManifest.xml:33:18-61
65    </queries>
66    <queries>
66-->src\main\AndroidManifest.xml:47:5-53:15
67        <intent>
67-->src\main\AndroidManifest.xml:55:9-59:18
68            <action android:name="android.intent.action.PICK" />
68-->src\main\AndroidManifest.xml:56:13-65
68-->src\main\AndroidManifest.xml:56:21-62
69
70            <data android:mimeType="audio/*" />
70-->src\main\AndroidManifest.xml:51:13-44
70-->src\main\AndroidManifest.xml:51:19-41
71        </intent>
72    </queries>
73
74    <uses-permission android:name="android.permission.BROADCAST_STICKY" />
74-->[com.mirrorfly.sdk:mirrorflysdk:7.4.0] AndroidManifest.xml:19:5-75
74-->[com.mirrorfly.sdk:mirrorflysdk:7.4.0] AndroidManifest.xml:19:22-72
75    <uses-permission android:name="android.permission.WRITE_SYNC_SETTINGS" />
75-->[com.mirrorfly.sdk:mirrorflysdk:7.4.0] AndroidManifest.xml:30:5-78
75-->[com.mirrorfly.sdk:mirrorflysdk:7.4.0] AndroidManifest.xml:30:22-75
76    <uses-permission android:name="android.permission.USE_CREDENTIALS" />
76-->[com.mirrorfly.sdk:mirrorflysdk:7.4.0] AndroidManifest.xml:31:5-74
76-->[com.mirrorfly.sdk:mirrorflysdk:7.4.0] AndroidManifest.xml:31:22-71
77    <uses-permission android:name="android.permission.CALL_PHONE" />
77-->[com.mirrorfly.sdk:mirrorflysdk:7.4.0] AndroidManifest.xml:35:5-69
77-->[com.mirrorfly.sdk:mirrorflysdk:7.4.0] AndroidManifest.xml:35:22-66
78    <!--
79    Apps that target Android 9 (API level 28) or higher and use foreground services
80          must request the FOREGROUND_SERVICE permission.
81    -->
82    <uses-permission android:name="android.permission.FOREGROUND_SERVICE" />
82-->[com.mirrorfly.sdk:mirrorflysdk:7.4.0] AndroidManifest.xml:47:5-77
82-->[com.mirrorfly.sdk:mirrorflysdk:7.4.0] AndroidManifest.xml:47:22-74
83
84    <uses-feature
84-->[com.mirrorfly.sdk:mirrorflysdk:7.4.0] AndroidManifest.xml:49:5-51:35
85        android:glEsVersion="0x00020000"
85-->[com.mirrorfly.sdk:mirrorflysdk:7.4.0] AndroidManifest.xml:50:9-41
86        android:required="true" />
86-->[com.mirrorfly.sdk:mirrorflysdk:7.4.0] AndroidManifest.xml:51:9-32
87    <uses-feature android:name="android.hardware.camera.autofocus" />
87-->[com.mirrorfly.sdk:mirrorflysdk:7.4.0] AndroidManifest.xml:53:5-70
87-->[com.mirrorfly.sdk:mirrorflysdk:7.4.0] AndroidManifest.xml:53:19-67
88    <uses-feature
88-->[:sdk:cameraview] AndroidManifest.xml:25:5-27:36
89        android:name="android.hardware.camera.front"
89-->[:sdk:cameraview] AndroidManifest.xml:26:9-53
90        android:required="false" />
90-->[:sdk:cameraview] AndroidManifest.xml:27:9-33
91    <uses-feature
91-->[:sdk:cameraview] AndroidManifest.xml:28:5-30:36
92        android:name="android.hardware.microphone"
92-->[:sdk:cameraview] AndroidManifest.xml:29:9-51
93        android:required="false" /> <!-- Step 1: Add the following permission to the app -->
93-->[:sdk:cameraview] AndroidManifest.xml:30:9-33
94    <uses-permission android:name="android.permission.USE_BIOMETRIC" />
94-->[:sdk:biometric-auth] AndroidManifest.xml:10:5-72
94-->[:sdk:biometric-auth] AndroidManifest.xml:10:22-69
95    <uses-permission android:name="android.permission.RECEIVE_BOOT_COMPLETED" />
95-->[androidx.work:work-runtime:2.8.1] AndroidManifest.xml:25:5-81
95-->[androidx.work:work-runtime:2.8.1] AndroidManifest.xml:25:22-78
96    <uses-permission android:name="com.google.android.finsky.permission.BIND_GET_INSTALL_REFERRER_SERVICE" />
96-->[com.google.android.gms:play-services-measurement:21.1.1] AndroidManifest.xml:26:5-110
96-->[com.google.android.gms:play-services-measurement:21.1.1] AndroidManifest.xml:26:22-107
97    <uses-permission android:name="com.google.android.gms.permission.AD_ID" />
97-->[com.google.android.gms:play-services-measurement-impl:21.1.1] AndroidManifest.xml:27:5-79
97-->[com.google.android.gms:play-services-measurement-impl:21.1.1] AndroidManifest.xml:27:22-76
98
99    <uses-feature
99-->[com.journeyapps:zxing-android-embedded:3.6.0] AndroidManifest.xml:36:5-38:36
100        android:name="android.hardware.camera.flash"
100-->[com.journeyapps:zxing-android-embedded:3.6.0] AndroidManifest.xml:37:9-53
101        android:required="false" />
101-->[com.journeyapps:zxing-android-embedded:3.6.0] AndroidManifest.xml:38:9-33
102    <uses-feature
102-->[com.journeyapps:zxing-android-embedded:3.6.0] AndroidManifest.xml:39:5-41:36
103        android:name="android.hardware.screen.landscape"
103-->[com.journeyapps:zxing-android-embedded:3.6.0] AndroidManifest.xml:40:9-57
104        android:required="false" />
104-->[com.journeyapps:zxing-android-embedded:3.6.0] AndroidManifest.xml:41:9-33
105    <uses-feature
105-->[com.journeyapps:zxing-android-embedded:3.6.0] AndroidManifest.xml:42:5-44:36
106        android:name="android.hardware.wifi"
106-->[com.journeyapps:zxing-android-embedded:3.6.0] AndroidManifest.xml:43:9-45
107        android:required="false" /> <!-- for android -->
107-->[com.journeyapps:zxing-android-embedded:3.6.0] AndroidManifest.xml:44:9-33
108    <!-- <uses-permission android:name="com.android.launcher.permission.READ_SETTINGS"/> -->
109    <!-- <uses-permission android:name="com.android.launcher.permission.WRITE_SETTINGS"/> -->
110    <!-- <uses-permission android:name="com.android.launcher.permission.INSTALL_SHORTCUT" /> -->
111    <!-- <uses-permission android:name="com.android.launcher.permission.UNINSTALL_SHORTCUT" /> -->
112    <!-- for Samsung -->
113    <uses-permission android:name="com.sec.android.provider.badge.permission.READ" />
113-->[me.leolin:ShortcutBadger:1.1.22] AndroidManifest.xml:19:5-86
113-->[me.leolin:ShortcutBadger:1.1.22] AndroidManifest.xml:19:22-83
114    <uses-permission android:name="com.sec.android.provider.badge.permission.WRITE" /> <!-- for htc -->
114-->[me.leolin:ShortcutBadger:1.1.22] AndroidManifest.xml:20:5-87
114-->[me.leolin:ShortcutBadger:1.1.22] AndroidManifest.xml:20:22-84
115    <uses-permission android:name="com.htc.launcher.permission.READ_SETTINGS" />
115-->[me.leolin:ShortcutBadger:1.1.22] AndroidManifest.xml:23:5-81
115-->[me.leolin:ShortcutBadger:1.1.22] AndroidManifest.xml:23:22-78
116    <uses-permission android:name="com.htc.launcher.permission.UPDATE_SHORTCUT" /> <!-- for sony -->
116-->[me.leolin:ShortcutBadger:1.1.22] AndroidManifest.xml:24:5-83
116-->[me.leolin:ShortcutBadger:1.1.22] AndroidManifest.xml:24:22-80
117    <uses-permission android:name="com.sonyericsson.home.permission.BROADCAST_BADGE" />
117-->[me.leolin:ShortcutBadger:1.1.22] AndroidManifest.xml:27:5-88
117-->[me.leolin:ShortcutBadger:1.1.22] AndroidManifest.xml:27:22-85
118    <uses-permission android:name="com.sonymobile.home.permission.PROVIDER_INSERT_BADGE" /> <!-- for apex -->
118-->[me.leolin:ShortcutBadger:1.1.22] AndroidManifest.xml:28:5-92
118-->[me.leolin:ShortcutBadger:1.1.22] AndroidManifest.xml:28:22-89
119    <uses-permission android:name="com.anddoes.launcher.permission.UPDATE_COUNT" /> <!-- for solid -->
119-->[me.leolin:ShortcutBadger:1.1.22] AndroidManifest.xml:31:5-84
119-->[me.leolin:ShortcutBadger:1.1.22] AndroidManifest.xml:31:22-81
120    <uses-permission android:name="com.majeur.launcher.permission.UPDATE_BADGE" /> <!-- for huawei -->
120-->[me.leolin:ShortcutBadger:1.1.22] AndroidManifest.xml:34:5-83
120-->[me.leolin:ShortcutBadger:1.1.22] AndroidManifest.xml:34:22-80
121    <uses-permission android:name="com.huawei.android.launcher.permission.CHANGE_BADGE" />
121-->[me.leolin:ShortcutBadger:1.1.22] AndroidManifest.xml:37:5-91
121-->[me.leolin:ShortcutBadger:1.1.22] AndroidManifest.xml:37:22-88
122    <uses-permission android:name="com.huawei.android.launcher.permission.READ_SETTINGS" />
122-->[me.leolin:ShortcutBadger:1.1.22] AndroidManifest.xml:38:5-92
122-->[me.leolin:ShortcutBadger:1.1.22] AndroidManifest.xml:38:22-89
123    <uses-permission android:name="com.huawei.android.launcher.permission.WRITE_SETTINGS" /> <!-- for ZUK -->
123-->[me.leolin:ShortcutBadger:1.1.22] AndroidManifest.xml:39:5-93
123-->[me.leolin:ShortcutBadger:1.1.22] AndroidManifest.xml:39:22-90
124    <uses-permission android:name="android.permission.READ_APP_BADGE" /> <!-- for OPPO -->
124-->[me.leolin:ShortcutBadger:1.1.22] AndroidManifest.xml:42:5-73
124-->[me.leolin:ShortcutBadger:1.1.22] AndroidManifest.xml:42:22-70
125    <uses-permission android:name="com.oppo.launcher.permission.READ_SETTINGS" />
125-->[me.leolin:ShortcutBadger:1.1.22] AndroidManifest.xml:45:5-82
125-->[me.leolin:ShortcutBadger:1.1.22] AndroidManifest.xml:45:22-79
126    <uses-permission android:name="com.oppo.launcher.permission.WRITE_SETTINGS" /> <!-- for EvMe -->
126-->[me.leolin:ShortcutBadger:1.1.22] AndroidManifest.xml:46:5-83
126-->[me.leolin:ShortcutBadger:1.1.22] AndroidManifest.xml:46:22-80
127    <uses-permission android:name="me.everything.badger.permission.BADGE_COUNT_READ" />
127-->[me.leolin:ShortcutBadger:1.1.22] AndroidManifest.xml:49:5-88
127-->[me.leolin:ShortcutBadger:1.1.22] AndroidManifest.xml:49:22-85
128    <uses-permission android:name="me.everything.badger.permission.BADGE_COUNT_WRITE" />
128-->[me.leolin:ShortcutBadger:1.1.22] AndroidManifest.xml:50:5-89
128-->[me.leolin:ShortcutBadger:1.1.22] AndroidManifest.xml:50:22-86
129
130    <application
130-->src\main\AndroidManifest.xml:62:5-323:19
131        android:name="com.contusfly.constants.MobileApplication"
131-->src\main\AndroidManifest.xml:63:9-52
132        android:allowBackup="false"
132-->src\main\AndroidManifest.xml:64:9-36
133        android:appComponentFactory="androidx.core.app.CoreComponentFactory"
133-->[androidx.core:core:1.6.0] AndroidManifest.xml:24:18-86
134        android:debuggable="true"
135        android:icon="@mipmap/ic_launcher"
135-->src\main\AndroidManifest.xml:65:9-43
136        android:label="@string/app_name"
136-->src\main\AndroidManifest.xml:66:9-41
137        android:largeHeap="true"
137-->src\main\AndroidManifest.xml:67:9-33
138        android:requestLegacyExternalStorage="true"
138-->src\main\AndroidManifest.xml:68:9-52
139        android:roundIcon="@mipmap/ic_launcher_round"
139-->src\main\AndroidManifest.xml:70:9-54
140        android:supportsRtl="true"
140-->src\main\AndroidManifest.xml:71:9-35
141        android:theme="@style/MyTheme"
141-->src\main\AndroidManifest.xml:72:9-39
142        android:usesCleartextTraffic="true" >
142-->src\main\AndroidManifest.xml:69:9-44
143        <activity
143-->src\main\AndroidManifest.xml:74:9-76:40
144            android:name="com.contusfly.chatTag.activities.AddPeopleActivity"
144-->src\main\AndroidManifest.xml:75:13-65
145            android:exported="false" />
145-->src\main\AndroidManifest.xml:76:13-37
146        <activity
146-->src\main\AndroidManifest.xml:77:9-79:40
147            android:name="com.contusfly.chatTag.activities.EditTagActivity"
147-->src\main\AndroidManifest.xml:78:13-63
148            android:exported="false" />
148-->src\main\AndroidManifest.xml:79:13-37
149        <activity
149-->src\main\AndroidManifest.xml:80:9-82:40
150            android:name="com.contusfly.chatTag.activities.CreateTagActivity"
150-->src\main\AndroidManifest.xml:81:13-65
151            android:exported="false" />
151-->src\main\AndroidManifest.xml:82:13-37
152        <activity
152-->src\main\AndroidManifest.xml:83:9-85:40
153            android:name="com.contusfly.chatTag.activities.ChatTagActivity"
153-->src\main\AndroidManifest.xml:84:13-63
154            android:exported="false" />
154-->src\main\AndroidManifest.xml:85:13-37
155
156        <meta-data
156-->src\main\AndroidManifest.xml:87:9-89:65
157            android:name="com.google.firebase.messaging.default_notification_icon"
157-->src\main\AndroidManifest.xml:88:13-83
158            android:resource="@drawable/ic_notification_blue" />
158-->src\main\AndroidManifest.xml:89:13-62
159        <meta-data
159-->src\main\AndroidManifest.xml:90:9-92:53
160            android:name="com.google.firebase.messaging.default_notification_color"
160-->src\main\AndroidManifest.xml:91:13-84
161            android:resource="@color/colorAccent" />
161-->src\main\AndroidManifest.xml:92:13-50
162
163        <activity
163-->src\main\AndroidManifest.xml:94:9-112:20
164            android:name="com.contusfly.quickShare.QuickShareActivity"
164-->src\main\AndroidManifest.xml:95:13-58
165            android:exported="true"
165-->src\main\AndroidManifest.xml:96:13-36
166            android:launchMode="singleTask"
166-->src\main\AndroidManifest.xml:97:13-44
167            android:screenOrientation="portrait"
167-->src\main\AndroidManifest.xml:98:13-49
168            android:theme="@style/SplashTheme" >
168-->src\main\AndroidManifest.xml:99:13-47
169            <intent-filter>
169-->src\main\AndroidManifest.xml:100:13-111:29
170                <action android:name="android.intent.action.SEND" />
170-->src\main\AndroidManifest.xml:101:17-69
170-->src\main\AndroidManifest.xml:101:25-66
171                <action android:name="android.intent.action.SEND_MULTIPLE" />
171-->src\main\AndroidManifest.xml:102:17-78
171-->src\main\AndroidManifest.xml:102:25-75
172
173                <category android:name="android.intent.category.DEFAULT" />
173-->src\main\AndroidManifest.xml:104:17-76
173-->src\main\AndroidManifest.xml:104:27-73
174
175                <data android:mimeType="image/*" />
175-->src\main\AndroidManifest.xml:51:13-44
175-->src\main\AndroidManifest.xml:51:19-41
176                <data android:mimeType="audio/*" />
176-->src\main\AndroidManifest.xml:51:13-44
176-->src\main\AndroidManifest.xml:51:19-41
177                <data android:mimeType="video/*" />
177-->src\main\AndroidManifest.xml:51:13-44
177-->src\main\AndroidManifest.xml:51:19-41
178                <data android:mimeType="text/*" />
178-->src\main\AndroidManifest.xml:51:13-44
178-->src\main\AndroidManifest.xml:51:19-41
179                <data android:mimeType="application/*" />
179-->src\main\AndroidManifest.xml:51:13-44
179-->src\main\AndroidManifest.xml:51:19-41
180            </intent-filter>
181        </activity>
182        <activity
182-->src\main\AndroidManifest.xml:113:9-117:48
183            android:name="com.contusfly.activities.AdminBlockedActivity"
183-->src\main\AndroidManifest.xml:114:13-60
184            android:exported="false"
184-->src\main\AndroidManifest.xml:115:13-37
185            android:screenOrientation="portrait"
185-->src\main\AndroidManifest.xml:116:13-49
186            android:theme="@style/ChatTheme" />
186-->src\main\AndroidManifest.xml:117:13-45
187        <activity
187-->src\main\AndroidManifest.xml:118:9-120:52
188            android:name="com.contusfly.activities.QrResultActivity"
188-->src\main\AndroidManifest.xml:119:13-56
189            android:screenOrientation="portrait" />
189-->src\main\AndroidManifest.xml:120:13-49
190        <activity
190-->src\main\AndroidManifest.xml:121:9-123:52
191            android:name="com.contusfly.activities.QrCodeScannerActivity"
191-->src\main\AndroidManifest.xml:122:13-61
192            android:screenOrientation="portrait" />
192-->src\main\AndroidManifest.xml:123:13-49
193        <activity android:name="com.contusfly.activities.GroupMessageInfoActivity" />
193-->src\main\AndroidManifest.xml:124:9-73
193-->src\main\AndroidManifest.xml:124:19-70
194        <activity
194-->src\main\AndroidManifest.xml:125:9-128:52
195            android:name="com.contusfly.activities.BiometricActivity"
195-->src\main\AndroidManifest.xml:126:13-57
196            android:launchMode="singleTop"
196-->src\main\AndroidManifest.xml:127:13-43
197            android:screenOrientation="portrait" />
197-->src\main\AndroidManifest.xml:128:13-49
198        <activity android:name="com.contusfly.activities.PinSetting" />
198-->src\main\AndroidManifest.xml:129:9-59
198-->src\main\AndroidManifest.xml:129:19-56
199        <activity android:name="com.contusfly.activities.PinEntryChange" />
199-->src\main\AndroidManifest.xml:130:9-63
199-->src\main\AndroidManifest.xml:130:19-60
200        <activity
200-->src\main\AndroidManifest.xml:131:9-134:52
201            android:name="com.contusfly.activities.PinActivity"
201-->src\main\AndroidManifest.xml:132:13-51
202            android:launchMode="singleTop"
202-->src\main\AndroidManifest.xml:133:13-43
203            android:screenOrientation="portrait" />
203-->src\main\AndroidManifest.xml:134:13-49
204        <activity
204-->src\main\AndroidManifest.xml:135:9-137:52
205            android:name="com.contusfly.activities.GroupInfoActivity"
205-->src\main\AndroidManifest.xml:136:13-57
206            android:screenOrientation="portrait" />
206-->src\main\AndroidManifest.xml:137:13-49
207        <activity
207-->src\main\AndroidManifest.xml:138:9-140:52
208            android:name="com.contusfly.activities.NewGroupActivity"
208-->src\main\AndroidManifest.xml:139:13-56
209            android:screenOrientation="portrait" />
209-->src\main\AndroidManifest.xml:140:13-49
210        <activity
210-->src\main\AndroidManifest.xml:141:9-143:52
211            android:name="com.contusfly.activities.UserInfoActivity"
211-->src\main\AndroidManifest.xml:142:13-56
212            android:screenOrientation="portrait" />
212-->src\main\AndroidManifest.xml:143:13-49
213        <activity
213-->src\main\AndroidManifest.xml:144:9-164:20
214            android:name="com.contusfly.activities.StartActivity"
214-->src\main\AndroidManifest.xml:145:13-53
215            android:exported="true"
215-->src\main\AndroidManifest.xml:146:13-36
216            android:screenOrientation="portrait"
216-->src\main\AndroidManifest.xml:147:13-49
217            android:theme="@style/SplashTheme" >
217-->src\main\AndroidManifest.xml:148:13-47
218            <intent-filter>
218-->src\main\AndroidManifest.xml:149:13-153:29
219                <action android:name="android.intent.action.MAIN" />
219-->src\main\AndroidManifest.xml:150:17-69
219-->src\main\AndroidManifest.xml:150:25-66
220
221                <category android:name="android.intent.category.LAUNCHER" />
221-->src\main\AndroidManifest.xml:152:17-77
221-->src\main\AndroidManifest.xml:152:27-74
222            </intent-filter>
223            <intent-filter>
223-->src\main\AndroidManifest.xml:154:13-163:29
224                <action android:name="android.intent.action.VIEW" />
224-->src\main\AndroidManifest.xml:49:13-65
224-->src\main\AndroidManifest.xml:49:21-62
225
226                <category android:name="android.intent.category.DEFAULT" />
226-->src\main\AndroidManifest.xml:104:17-76
226-->src\main\AndroidManifest.xml:104:27-73
227                <category android:name="android.intent.category.BROWSABLE" />
227-->src\main\AndroidManifest.xml:158:17-78
227-->src\main\AndroidManifest.xml:158:27-75
228                <!-- Accepts URIs that begin with "BuildConfig.WEB_CHAT_LOGIN” -->
229                <data
229-->src\main\AndroidManifest.xml:51:13-44
230                    android:host="webreact-qa19.mirrorfly.com"
230-->src\main\AndroidManifest.xml:161:21-63
231                    android:scheme="https" />
231-->src\main\AndroidManifest.xml:162:21-43
232            </intent-filter>
233        </activity>
234        <activity
234-->src\main\AndroidManifest.xml:165:9-167:52
235            android:name="com.contusfly.activities.ProfileStartStatusActivity"
235-->src\main\AndroidManifest.xml:166:13-66
236            android:screenOrientation="portrait" />
236-->src\main\AndroidManifest.xml:167:13-49
237        <activity
237-->src\main\AndroidManifest.xml:168:9-170:52
238            android:name="com.contusfly.activities.OtpActivity"
238-->src\main\AndroidManifest.xml:169:13-51
239            android:screenOrientation="portrait" />
239-->src\main\AndroidManifest.xml:170:13-49
240        <activity
240-->src\main\AndroidManifest.xml:171:9-173:52
241            android:name="com.contusfly.activities.CommonEditorActivity"
241-->src\main\AndroidManifest.xml:172:13-60
242            android:screenOrientation="portrait" />
242-->src\main\AndroidManifest.xml:173:13-49
243        <activity
243-->src\main\AndroidManifest.xml:174:9-176:77
244            android:name="com.contusfly.activities.ImageViewActivity"
244-->src\main\AndroidManifest.xml:175:13-57
245            android:configChanges="orientation|screenSize|keyboardHidden" />
245-->src\main\AndroidManifest.xml:176:13-74
246        <activity
246-->src\main\AndroidManifest.xml:177:9-179:52
247            android:name="com.contusfly.activities.NewContactsActivity"
247-->src\main\AndroidManifest.xml:178:13-59
248            android:screenOrientation="portrait" />
248-->src\main\AndroidManifest.xml:179:13-49
249        <activity
249-->src\main\AndroidManifest.xml:180:9-182:52
250            android:name="com.contusfly.activities.DashboardActivity"
250-->src\main\AndroidManifest.xml:181:13-57
251            android:screenOrientation="portrait" />
251-->src\main\AndroidManifest.xml:182:13-49
252        <activity
252-->src\main\AndroidManifest.xml:183:9-185:52
253            android:name="com.contusfly.activities.SettingsActivity"
253-->src\main\AndroidManifest.xml:184:13-56
254            android:screenOrientation="portrait" />
254-->src\main\AndroidManifest.xml:185:13-49
255        <activity
255-->src\main\AndroidManifest.xml:186:9-188:52
256            android:name="com.contusfly.activities.CountryListActivity"
256-->src\main\AndroidManifest.xml:187:13-59
257            android:screenOrientation="portrait" />
257-->src\main\AndroidManifest.xml:188:13-49
258        <activity
258-->src\main\AndroidManifest.xml:189:9-191:52
259            android:name="com.contusfly.activities.ForwardMessageActivity"
259-->src\main\AndroidManifest.xml:190:13-62
260            android:screenOrientation="portrait" />
260-->src\main\AndroidManifest.xml:191:13-49
261        <activity
261-->src\main\AndroidManifest.xml:192:9-194:52
262            android:name="com.contusfly.activities.ProfileStartActivity"
262-->src\main\AndroidManifest.xml:193:13-60
263            android:screenOrientation="portrait" />
263-->src\main\AndroidManifest.xml:194:13-49
264        <activity android:name="eu.janmuller.android.simplecropimage.CropImage" />
264-->src\main\AndroidManifest.xml:195:9-83
264-->src\main\AndroidManifest.xml:195:19-80
265        <activity
265-->src\main\AndroidManifest.xml:196:9-198:52
266            android:name="com.contusfly.activities.UserProfileImageViewActivity"
266-->src\main\AndroidManifest.xml:197:13-68
267            android:screenOrientation="portrait" />
267-->src\main\AndroidManifest.xml:198:13-49
268        <activity
268-->src\main\AndroidManifest.xml:199:9-201:52
269            android:name="com.contusfly.activities.ArchivedChatsActivity"
269-->src\main\AndroidManifest.xml:200:13-61
270            android:screenOrientation="portrait" />
270-->src\main\AndroidManifest.xml:201:13-49
271        <activity
271-->src\main\AndroidManifest.xml:202:9-204:52
272            android:name="com.contusfly.activities.StarredMessageActivity"
272-->src\main\AndroidManifest.xml:203:13-62
273            android:screenOrientation="portrait" />
273-->src\main\AndroidManifest.xml:204:13-49
274        <!--
275       Below activity has a launchMode of "SingleTop", In order to avoid recreating activity